<?xml version="1.0" encoding="UTF-8"?>
<!-- Generated by org.testng.reporters.JUnitReportReporter -->
<testsuite hostname="FFE-Subham-Vishwakarma" failures="0" tests="1" name="com.Github.Add_Project_To_Github" time="15.581" errors="0" timestamp="2024-04-28T13:44:16 IST" skipped="0">
  <testcase classname="com.Github.Add_Project_To_Github" name="Test1" time="15.581"/>
</testsuite> <!-- com.Github.Add_Project_To_Github -->
